Release 14.7 - xst P.20131013 (nt64)
Copyright (c) 1995-2013 Xilinx, Inc.  All rights reserved.
--> Parameter TMPDIR set to xst/projnav.tmp


Total REAL time to Xst completion: 0.00 secs
Total CPU time to Xst completion: 0.21 secs
 
--> Parameter xsthdpdir set to xst


Total REAL time to Xst completion: 0.00 secs
Total CPU time to Xst completion: 0.22 secs
 
--> Reading design: stopwatch.prj

TABLE OF CONTENTS
  1) Synthesis Options Summary
  2) HDL Compilation
  3) Design Hierarchy Analysis
  4) HDL Analysis
  5) HDL Synthesis
     5.1) HDL Synthesis Report
  6) Advanced HDL Synthesis
     6.1) Advanced HDL Synthesis Report
  7) Low Level Synthesis
  8) Partition Report
  9) Final Report
	9.1) Device utilization summary
	9.2) Partition Resource Summary
	9.3) TIMING REPORT


=========================================================================
*                      Synthesis Options Summary                        *
=========================================================================
---- Source Parameters
Input File Name                    : "stopwatch.prj"
Input Format                       : mixed
Ignore Synthesis Constraint File   : NO

---- Target Parameters
Output File Name                   : "stopwatch"
Output Format                      : NGC
Target Device                      : xc3s500e-5-fg320

---- Source Options
Top Module Name                    : stopwatch
Automatic FSM Extraction           : YES
FSM Encoding Algorithm             : Auto
Safe Implementation                : No
FSM Style                          : LUT
RAM Extraction                     : Yes
RAM Style                          : Auto
ROM Extraction                     : Yes
Mux Style                          : Auto
Decoder Extraction                 : YES
Priority Encoder Extraction        : Yes
Shift Register Extraction          : YES
Logical Shifter Extraction         : YES
XOR Collapsing                     : YES
ROM Style                          : Auto
Mux Extraction                     : Yes
Resource Sharing                   : YES
Asynchronous To Synchronous        : NO
Multiplier Style                   : Auto
Automatic Register Balancing       : No

---- Target Options
Add IO Buffers                     : YES
Global Maximum Fanout              : 100000
Add Generic Clock Buffer(BUFG)     : 24
Register Duplication               : YES
Slice Packing                      : YES
Optimize Instantiated Primitives   : NO
Use Clock Enable                   : Yes
Use Synchronous Set                : Yes
Use Synchronous Reset              : Yes
Pack IO Registers into IOBs        : Auto
Equivalent register Removal        : YES

---- General Options
Optimization Goal                  : Speed
Optimization Effort                : 1
Keep Hierarchy                     : No
Netlist Hierarchy                  : As_Optimized
RTL Output                         : Yes
Global Optimization                : AllClockNets
Read Cores                         : YES
Write Timing Constraints           : NO
Cross Clock Analysis               : NO
Hierarchy Separator                : /
Bus Delimiter                      : <>
Case Specifier                     : Maintain
Slice Utilization Ratio            : 100
BRAM Utilization Ratio             : 100
Verilog 2001                       : YES
Auto BRAM Packing                  : NO
Slice Utilization Ratio Delta      : 5

=========================================================================


=========================================================================
*                          HDL Compilation                              *
=========================================================================
Compiling verilog file "stopwatch.v" in library work
Module <stopwatch> compiled
No errors in compilation
Analysis of file <"stopwatch.prj"> succeeded.
 

=========================================================================
*                     Design Hierarchy Analysis                         *
=========================================================================
Analyzing hierarchy for module <stopwatch> in library <work>.


=========================================================================
*                            HDL Analysis                               *
=========================================================================
Analyzing top module <stopwatch>.
Module <stopwatch> is correct for synthesis.
 

=========================================================================
*                           HDL Synthesis                               *
=========================================================================

Performing bidirectional port resolution...

Synthesizing Unit <stopwatch>.
    Related source file is "stopwatch.v".
    Found 4-bit up counter for signal <count>.
    Found 26-bit register for signal <cycle>.
    Found 1-bit register for signal <flag>.
    Found 4-bit adder for signal <old_count_4$add0000> created at line 50.
    Summary:
	inferred   1 Counter(s).
	inferred  27 D-type flip-flop(s).
	inferred   2 Adder/Subtractor(s).
Unit <stopwatch> synthesized.


=========================================================================
HDL Synthesis Report

Macro Statistics
# Adders/Subtractors                                   : 2
 26-bit adder                                          : 1
 4-bit adder                                           : 1
# Counters                                             : 1
 4-bit up counter                                      : 1
# Registers                                            : 2
 1-bit register                                        : 1
 26-bit register                                       : 1

=========================================================================

=========================================================================
*                       Advanced HDL Synthesis                          *
=========================================================================


=========================================================================
Advanced HDL Synthesis Report

Macro Statistics
# Adders/Subtractors                                   : 2
 26-bit adder                                          : 1
 4-bit adder                                           : 1
# Counters                                             : 1
 4-bit up counter                                      : 1
# Registers                                            : 27
 Flip-Flops                                            : 27

=========================================================================

=========================================================================
*                         Low Level Synthesis                           *
=========================================================================

Optimizing unit <stopwatch> ...

Mapping all equations...
Building and optimizing final netlist ...
Found area constraint ratio of 100 (+ 5) on block stopwatch, actual ratio is 1.

Final Macro Processing ...

=========================================================================
Final Register Report

Macro Statistics
# Registers                                            : 31
 Flip-Flops                                            : 31

=========================================================================

=========================================================================
*                           Partition Report                            *
=========================================================================

Partition Implementation Status
-------------------------------

  No Partitions were found in this design.

-------------------------------

=========================================================================
*                            Final Report                               *
=========================================================================
Final Results
RTL Top Level Output File Name     : stopwatch.ngr
Top Level Output File Name         : stopwatch
Output Format                      : NGC
Optimization Goal                  : Speed
Keep Hierarchy                     : No

Design Statistics
# IOs                              : 8

Cell Usage :
# BELS                             : 139
#      GND                         : 1
#      INV                         : 1
#      LUT2                        : 41
#      LUT3                        : 2
#      LUT4                        : 34
#      LUT4_L                      : 1
#      MUXCY                       : 32
#      VCC                         : 1
#      XORCY                       : 26
# FlipFlops/Latches                : 31
#      FD                          : 1
#      FDR                         : 26
#      FDRE                        : 4
# Clock Buffers                    : 1
#      BUFGP                       : 1
# IO Buffers                       : 7
#      IBUF                        : 3
#      OBUF                        : 4
=========================================================================

Device utilization summary:
---------------------------

Selected Device : 3s500efg320-5 

 Number of Slices:                       41  out of   4656     0%  
 Number of Slice Flip Flops:             31  out of   9312     0%  
 Number of 4 input LUTs:                 79  out of   9312     0%  
 Number of IOs:                           8
 Number of bonded IOBs:                   8  out of    232     3%  
 Number of GCLKs:                         1  out of     24     4%  

---------------------------
Partition Resource Summary:
---------------------------

  No Partitions were found in this design.

---------------------------


=========================================================================
TIMING REPORT

NOTE: THESE TIMING NUMBERS ARE ONLY A SYNTHESIS ESTIMATE.
      FOR ACCURATE TIMING INFORMATION PLEASE REFER TO THE TRACE REPORT
      GENERATED AFTER PLACE-and-ROUTE.

Clock Information:
------------------
-----------------------------------+------------------------+-------+
Clock Signal                       | Clock buffer(FF name)  | Load  |
-----------------------------------+------------------------+-------+
clk                                | BUFGP                  | 31    |
-----------------------------------+------------------------+-------+

Asynchronous Control Signals Information:
----------------------------------------
No asynchronous control signals found in this design

Timing Summary:
---------------
Speed Grade: -5

   Minimum period: 8.517ns (Maximum Frequency: 117.407MHz)
   Minimum input arrival time before clock: 9.891ns
   Maximum output required time after clock: 4.252ns
   Maximum combinational path delay: No path found

Timing Detail:
--------------
All values displayed in nanoseconds (ns)

=========================================================================
Timing constraint: Default period analysis for Clock 'clk'
  Clock period: 8.517ns (frequency: 117.407MHz)
  Total number of paths / destination ports: 7470 / 39
-------------------------------------------------------------------------
Delay:               8.517ns (Levels of Logic = 29)
  Source:            cycle_0 (FF)
  Destination:       count_0 (FF)
  Source Clock:      clk rising
  Destination Clock: clk rising

  Data Path: cycle_0 to count_0
                                Gate     Net
    Cell:in->out      fanout   Delay   Delay  Logical Name (Net Name)
    ----------------------------------------  ------------
     FDR:C->Q              2   0.514   0.449  cycle_0 (cycle_0)
     LUT2:I1->O            1   0.612   0.000  Madd__old_cycle_3_lut<0> (Madd__old_cycle_3_lut<0>)
     MUXCY:S->O            1   0.404   0.000  Madd__old_cycle_3_cy<0> (Madd__old_cycle_3_cy<0>)
     MUXCY:CI->O           1   0.051   0.000  Madd__old_cycle_3_cy<1> (Madd__old_cycle_3_cy<1>)
     MUXCY:CI->O           1   0.051   0.000  Madd__old_cycle_3_cy<2> (Madd__old_cycle_3_cy<2>)
     MUXCY:CI->O           1   0.051   0.000  Madd__old_cycle_3_cy<3> (Madd__old_cycle_3_cy<3>)
     MUXCY:CI->O           1   0.051   0.000  Madd__old_cycle_3_cy<4> (Madd__old_cycle_3_cy<4>)
     MUXCY:CI->O           1   0.051   0.000  Madd__old_cycle_3_cy<5> (Madd__old_cycle_3_cy<5>)
     MUXCY:CI->O           1   0.051   0.000  Madd__old_cycle_3_cy<6> (Madd__old_cycle_3_cy<6>)
     MUXCY:CI->O           1   0.051   0.000  Madd__old_cycle_3_cy<7> (Madd__old_cycle_3_cy<7>)
     MUXCY:CI->O           1   0.051   0.000  Madd__old_cycle_3_cy<8> (Madd__old_cycle_3_cy<8>)
     MUXCY:CI->O           1   0.051   0.000  Madd__old_cycle_3_cy<9> (Madd__old_cycle_3_cy<9>)
     MUXCY:CI->O           1   0.051   0.000  Madd__old_cycle_3_cy<10> (Madd__old_cycle_3_cy<10>)
     MUXCY:CI->O           1   0.051   0.000  Madd__old_cycle_3_cy<11> (Madd__old_cycle_3_cy<11>)
     MUXCY:CI->O           1   0.051   0.000  Madd__old_cycle_3_cy<12> (Madd__old_cycle_3_cy<12>)
     MUXCY:CI->O           1   0.051   0.000  Madd__old_cycle_3_cy<13> (Madd__old_cycle_3_cy<13>)
     MUXCY:CI->O           1   0.051   0.000  Madd__old_cycle_3_cy<14> (Madd__old_cycle_3_cy<14>)
     MUXCY:CI->O           1   0.051   0.000  Madd__old_cycle_3_cy<15> (Madd__old_cycle_3_cy<15>)
     MUXCY:CI->O           1   0.051   0.000  Madd__old_cycle_3_cy<16> (Madd__old_cycle_3_cy<16>)
     MUXCY:CI->O           1   0.051   0.000  Madd__old_cycle_3_cy<17> (Madd__old_cycle_3_cy<17>)
     XORCY:CI->O           2   0.699   0.532  Madd__old_cycle_3_xor<18> (_old_cycle_3<18>)
     LUT2:I0->O            1   0.612   0.000  cycle_cmp_eq0000_wg_lut<0> (cycle_cmp_eq0000_wg_lut<0>)
     MUXCY:S->O            1   0.404   0.000  cycle_cmp_eq0000_wg_cy<0> (cycle_cmp_eq0000_wg_cy<0>)
     MUXCY:CI->O           1   0.052   0.000  cycle_cmp_eq0000_wg_cy<1> (cycle_cmp_eq0000_wg_cy<1>)
     MUXCY:CI->O           1   0.052   0.000  cycle_cmp_eq0000_wg_cy<2> (cycle_cmp_eq0000_wg_cy<2>)
     MUXCY:CI->O           1   0.052   0.000  cycle_cmp_eq0000_wg_cy<3> (cycle_cmp_eq0000_wg_cy<3>)
     MUXCY:CI->O           1   0.052   0.000  cycle_cmp_eq0000_wg_cy<4> (cycle_cmp_eq0000_wg_cy<4>)
     MUXCY:CI->O           1   0.052   0.000  cycle_cmp_eq0000_wg_cy<5> (cycle_cmp_eq0000_wg_cy<5>)
     MUXCY:CI->O          14   0.399   0.853  cycle_cmp_eq0000_wg_cy<6> (cycle_cmp_eq0000)
     LUT4:I3->O            4   0.612   0.499  count_or0000 (count_or0000)
     FDRE:R                    0.795          count_0
    ----------------------------------------
    Total                      8.517ns (6.185ns logic, 2.333ns route)
                                       (72.6% logic, 27.4% route)

=========================================================================
Timing constraint: Default OFFSET IN BEFORE for Clock 'clk'
  Total number of paths / destination ports: 7497 / 61
-------------------------------------------------------------------------
Offset:              9.891ns (Levels of Logic = 30)
  Source:            start (PAD)
  Destination:       count_0 (FF)
  Destination Clock: clk rising

  Data Path: start to count_0
                                Gate     Net
    Cell:in->out      fanout   Delay   Delay  Logical Name (Net Name)
    ----------------------------------------  ------------
     IBUF:I->O            53   1.106   1.231  start_IBUF (start_IBUF)
     LUT2:I0->O            1   0.612   0.000  Madd__old_cycle_3_lut<0> (Madd__old_cycle_3_lut<0>)
     MUXCY:S->O            1   0.404   0.000  Madd__old_cycle_3_cy<0> (Madd__old_cycle_3_cy<0>)
     MUXCY:CI->O           1   0.051   0.000  Madd__old_cycle_3_cy<1> (Madd__old_cycle_3_cy<1>)
     MUXCY:CI->O           1   0.051   0.000  Madd__old_cycle_3_cy<2> (Madd__old_cycle_3_cy<2>)
     MUXCY:CI->O           1   0.051   0.000  Madd__old_cycle_3_cy<3> (Madd__old_cycle_3_cy<3>)
     MUXCY:CI->O           1   0.051   0.000  Madd__old_cycle_3_cy<4> (Madd__old_cycle_3_cy<4>)
     MUXCY:CI->O           1   0.051   0.000  Madd__old_cycle_3_cy<5> (Madd__old_cycle_3_cy<5>)
     MUXCY:CI->O           1   0.051   0.000  Madd__old_cycle_3_cy<6> (Madd__old_cycle_3_cy<6>)
     MUXCY:CI->O           1   0.051   0.000  Madd__old_cycle_3_cy<7> (Madd__old_cycle_3_cy<7>)
     MUXCY:CI->O           1   0.051   0.000  Madd__old_cycle_3_cy<8> (Madd__old_cycle_3_cy<8>)
     MUXCY:CI->O           1   0.051   0.000  Madd__old_cycle_3_cy<9> (Madd__old_cycle_3_cy<9>)
     MUXCY:CI->O           1   0.051   0.000  Madd__old_cycle_3_cy<10> (Madd__old_cycle_3_cy<10>)
     MUXCY:CI->O           1   0.051   0.000  Madd__old_cycle_3_cy<11> (Madd__old_cycle_3_cy<11>)
     MUXCY:CI->O           1   0.051   0.000  Madd__old_cycle_3_cy<12> (Madd__old_cycle_3_cy<12>)
     MUXCY:CI->O           1   0.051   0.000  Madd__old_cycle_3_cy<13> (Madd__old_cycle_3_cy<13>)
     MUXCY:CI->O           1   0.051   0.000  Madd__old_cycle_3_cy<14> (Madd__old_cycle_3_cy<14>)
     MUXCY:CI->O           1   0.051   0.000  Madd__old_cycle_3_cy<15> (Madd__old_cycle_3_cy<15>)
     MUXCY:CI->O           1   0.051   0.000  Madd__old_cycle_3_cy<16> (Madd__old_cycle_3_cy<16>)
     MUXCY:CI->O           1   0.051   0.000  Madd__old_cycle_3_cy<17> (Madd__old_cycle_3_cy<17>)
     XORCY:CI->O           2   0.699   0.532  Madd__old_cycle_3_xor<18> (_old_cycle_3<18>)
     LUT2:I0->O            1   0.612   0.000  cycle_cmp_eq0000_wg_lut<0> (cycle_cmp_eq0000_wg_lut<0>)
     MUXCY:S->O            1   0.404   0.000  cycle_cmp_eq0000_wg_cy<0> (cycle_cmp_eq0000_wg_cy<0>)
     MUXCY:CI->O           1   0.052   0.000  cycle_cmp_eq0000_wg_cy<1> (cycle_cmp_eq0000_wg_cy<1>)
     MUXCY:CI->O           1   0.052   0.000  cycle_cmp_eq0000_wg_cy<2> (cycle_cmp_eq0000_wg_cy<2>)
     MUXCY:CI->O           1   0.052   0.000  cycle_cmp_eq0000_wg_cy<3> (cycle_cmp_eq0000_wg_cy<3>)
     MUXCY:CI->O           1   0.052   0.000  cycle_cmp_eq0000_wg_cy<4> (cycle_cmp_eq0000_wg_cy<4>)
     MUXCY:CI->O           1   0.052   0.000  cycle_cmp_eq0000_wg_cy<5> (cycle_cmp_eq0000_wg_cy<5>)
     MUXCY:CI->O          14   0.399   0.853  cycle_cmp_eq0000_wg_cy<6> (cycle_cmp_eq0000)
     LUT4:I3->O            4   0.612   0.499  count_or0000 (count_or0000)
     FDRE:R                    0.795          count_0
    ----------------------------------------
    Total                      9.891ns (6.776ns logic, 3.114ns route)
                                       (68.5% logic, 31.5% route)

=========================================================================
Timing constraint: Default OFFSET OUT AFTER for Clock 'clk'
  Total number of paths / destination ports: 4 / 4
-------------------------------------------------------------------------
Offset:              4.252ns (Levels of Logic = 1)
  Source:            count_0 (FF)
  Destination:       count<0> (PAD)
  Source Clock:      clk rising

  Data Path: count_0 to count<0>
                                Gate     Net
    Cell:in->out      fanout   Delay   Delay  Logical Name (Net Name)
    ----------------------------------------  ------------
     FDRE:C->Q             6   0.514   0.569  count_0 (count_0)
     OBUF:I->O                 3.169          count_0_OBUF (count<0>)
    ----------------------------------------
    Total                      4.252ns (3.683ns logic, 0.569ns route)
                                       (86.6% logic, 13.4% route)

=========================================================================


Total REAL time to Xst completion: 11.00 secs
Total CPU time to Xst completion: 10.89 secs
 
--> 

Total memory usage is 293848 kilobytes

Number of errors   :    0 (   0 filtered)
Number of warnings :    0 (   0 filtered)
Number of infos    :    0 (   0 filtered)

